<?xml version="1.0" encoding="UTF-8"?>
<!-- Generated by org.testng.reporters.JUnitXMLReporter -->
<testsuite hostname="Hems" ignored="0" name="Default test" tests="3" failures="0" timestamp="17 Jul 2018 21:01:50 GMT" time="63.225" errors="0">
  <testcase name="checkOpenRegistrationBoxNewWindow" time="11.252" classname="test.RegisterTest"/>
  <testcase name="enterExistingUserRegistrationData" time="6.372" classname="test.RegisterTest"/>
  <testcase name="enterLogin" time="6.877" classname="test.RegisterTest"/>
</testsuite> <!-- Default test -->
