<?xml version="1.0" encoding="UTF-8"?>
<!-- Generated by org.testng.reporters.JUnitXMLReporter -->
<testsuite hostname="Hems" name="Test" tests="3" failures="0" timestamp="17 Jul 2018 20:48:06 GMT" time="67.005" errors="0">
  <testcase name="checkOpenRegistrationBoxNewWindow" time="14.12" classname="test.RegisterTest"/>
  <testcase name="enterExistingUserRegistrationData" time="9.614" classname="test.RegisterTest"/>
  <testcase name="enterLogin" time="9.569" classname="test.RegisterTest"/>
</testsuite> <!-- Test -->
