<?xml version="1.0" encoding="UTF-8"?>
<testng-results skipped="0" failed="1" ignored="0" total="3" passed="2">
  <reporter-output>
  </reporter-output>
  <suite name="Default suite" duration-ms="64396" started-at="2018-07-17T20:13:25Z" finished-at="2018-07-17T20:14:30Z">
    <groups>
    </groups>
    <test name="Default test" duration-ms="64396" started-at="2018-07-17T20:13:25Z" finished-at="2018-07-17T20:14:30Z">
      <class name="test.RegisterTest">
        <test-method status="PASS" signature="beforeClass()[pri:0, instance:test.RegisterTest@18be83e4]" name="beforeClass" is-config="true" duration-ms="30275" started-at="2018-07-17T20:13:25Z" finished-at="2018-07-17T20:13:56Z">
          <reporter-output>
          </reporter-output>
        </test-method> <!-- beforeClass -->
        <test-method status="PASS" signature="checlOpenRegistrationBoxNewWindow()[pri:0, instance:test.RegisterTest@18be83e4]" name="checlOpenRegistrationBoxNewWindow" duration-ms="14280" started-at="2018-07-17T20:13:56Z" finished-at="2018-07-17T20:14:10Z">
          <reporter-output>
          </reporter-output>
        </test-method> <!-- checlOpenRegistrationBoxNewWindow -->
        <test-method status="PASS" signature="enterExistingUserRegistrationData()[pri:0, instance:test.RegisterTest@18be83e4]" name="enterExistingUserRegistrationData" duration-ms="12297" started-at="2018-07-17T20:14:10Z" finished-at="2018-07-17T20:14:22Z">
          <reporter-output>
          </reporter-output>
        </test-method> <!-- enterExistingUserRegistrationData -->
        <test-method status="FAIL" signature="enterLogin()[pri:0, instance:test.RegisterTest@18be83e4]" name="enterLogin" duration-ms="7494" started-at="2018-07-17T20:14:22Z" finished-at="2018-07-17T20:14:30Z">
          <exception class="java.lang.AssertionError">
            <message>
              <![CDATA[Login successfull expected [false] but found [true]]]>
            </message>
            <full-stacktrace>
              <![CDATA[java.lang.AssertionError: Login successfull expected [false] but found [true]
at org.testng.Assert.fail(Assert.java:96)
at org.testng.Assert.failNotEquals(Assert.java:776)
at org.testng.Assert.assertFalse(Assert.java:65)
at test.RegisterTest.enterLogin(RegisterTest.java:63)
at sun.reflect.NativeMethodAccessorImpl.invoke0(Native Method)
at sun.reflect.NativeMethodAccessorImpl.invoke(Unknown Source)
at sun.reflect.DelegatingMethodAccessorImpl.invoke(Unknown Source)
at java.lang.reflect.Method.invoke(Unknown Source)
at org.testng.internal.MethodInvocationHelper.invokeMethod(MethodInvocationHelper.java:124)
at org.testng.internal.Invoker.invokeMethod(Invoker.java:580)
at org.testng.internal.Invoker.invokeTestMethod(Invoker.java:716)
at org.testng.internal.Invoker.invokeTestMethods(Invoker.java:988)
at org.testng.internal.TestMethodWorker.invokeTestMethods(TestMethodWorker.java:125)
at org.testng.internal.TestMethodWorker.run(TestMethodWorker.java:109)
at org.testng.TestRunner.privateRun(TestRunner.java:648)
at org.testng.TestRunner.run(TestRunner.java:505)
at org.testng.SuiteRunner.runTest(SuiteRunner.java:455)
at org.testng.SuiteRunner.runSequentially(SuiteRunner.java:450)
at org.testng.SuiteRunner.privateRun(SuiteRunner.java:415)
at org.testng.SuiteRunner.run(SuiteRunner.java:364)
at org.testng.SuiteRunnerWorker.runSuite(SuiteRunnerWorker.java:52)
at org.testng.SuiteRunnerWorker.run(SuiteRunnerWorker.java:84)
at org.testng.TestNG.runSuitesSequentially(TestNG.java:1208)
at org.testng.TestNG.runSuitesLocally(TestNG.java:1137)
at org.testng.TestNG.runSuites(TestNG.java:1049)
at org.testng.TestNG.run(TestNG.java:1017)
at org.testng.remote.AbstractRemoteTestNG.run(AbstractRemoteTestNG.java:114)
at org.testng.remote.RemoteTestNG.initAndRun(RemoteTestNG.java:251)
at org.testng.remote.RemoteTestNG.main(RemoteTestNG.java:77)
]]>
            </full-stacktrace>
          </exception> <!-- java.lang.AssertionError -->
          <reporter-output>
          </reporter-output>
        </test-method> <!-- enterLogin -->
      </class> <!-- test.RegisterTest -->
    </test> <!-- Default test -->
  </suite> <!-- Default suite -->
</testng-results>
